<?xml version="1.0" encoding="UTF-8"?>
<testsuites name="New Test Suite" time="49" tests="5" failures="0" errors="0">
   <testsuite name="New Test Suite" tests="5" failures="0" errors="0" time="49" timestamp="2019-04-25 10:16:57" hostname="quentin.michel - INF16-MICHELQ.mshome.net" id="Test Suites/New Test Suite">
      <properties>
         <property name="deviceName" value=""/>
         <property name="devicePlatform" value=""/>
         <property name="logFolder" value="C:\\Users\\quentin.michel\\Documents\\hearc\\ANNEE-3\\Java_Entreprise\\Projet\\echoppe\\katalonEchoppe\\Reports\\New Test Suite\\20190425_101651"/>
         <property name="logFiles" value="C:\\Users\\quentin.michel\\Documents\\hearc\\ANNEE-3\\Java_Entreprise\\Projet\\echoppe\\katalonEchoppe\\Reports\\New Test Suite\\20190425_101651\\execution0.log"/>
         <property name="attachments" value=""/>
         <property name="hostName" value="quentin.michel - INF16-MICHELQ.mshome.net"/>
         <property name="os" value="Windows 10 64bit"/>
         <property name="katalonVersion" value="6.1.2.2"/>
         <property name="browser" value="Chrome 73.0.3683.103"/>
         <property name="hostAddress" value="172.26.245.241"/>
         <property name="sessionId" value="cd16a379a301199214ad3e278ed64fce"/>
         <property name="seleniumVersion" value="3.7.1"/>
         <property name="proxyInformation" value="ProxyInformation{proxyOption=NO_PROXY, proxyServerType=HTTP, password=, proxyServerAddress=, proxyServerPort=0}"/>
         <property name="platform" value="Windows 10"/>
      </properties>
      <testcase name="Test Cases/Register" classname="Test Cases/Register" status="PASSED">
         <system-out><![CDATA[2019-04-25 10:16:57 - [TEST_CASE][PASSED] - Test Cases/Register: Test Cases/Register

2019-04-25 10:16:58 - [TEST_STEP][PASSED] - openBrowser(""): Browser is opened with url: ''

2019-04-25 10:16:59 - [MESSAGE][INFO] - Starting 'Chrome' driver

2019-04-25 10:16:59 - [MESSAGE][INFO] - Action delay is set to 1 seconds

2019-04-25 10:17:07 - [MESSAGE][PASSED] - Browser is opened with url: ''

2019-04-25 10:17:07 - [TEST_STEP][PASSED] - navigateToUrl("http://localhost:9090/"): Navigate to 'http://localhost:9090/' successfully

2019-04-25 10:17:09 - [MESSAGE][PASSED] - Navigate to 'http://localhost:9090/' successfully

2019-04-25 10:17:09 - [TEST_STEP][PASSED] - click(findTestObject("Page_Echoppe/button_Accueil_navbar-toggler")): Object: 'Object Repository/Page_Echoppe/button_Accueil_navbar-toggler' is clicked on

2019-04-25 10:17:11 - [MESSAGE][PASSED] - Object: 'Object Repository/Page_Echoppe/button_Accueil_navbar-toggler' is clicked on

2019-04-25 10:17:11 - [TEST_STEP][PASSED] - click(findTestObject("Page_Echoppe/a_Inscription")): Object: 'Object Repository/Page_Echoppe/a_Inscription' is clicked on

2019-04-25 10:17:13 - [MESSAGE][PASSED] - Object: 'Object Repository/Page_Echoppe/a_Inscription' is clicked on

2019-04-25 10:17:13 - [TEST_STEP][PASSED] - setText(findTestObject("Page_Echoppe/input_Username_username"), "usertest"): Text 'usertest' is set on object 'Object Repository/Page_Echoppe/input_Username_username'

2019-04-25 10:17:16 - [MESSAGE][PASSED] - Text 'usertest' is set on object 'Object Repository/Page_Echoppe/input_Username_username'

2019-04-25 10:17:16 - [TEST_STEP][PASSED] - setText(findTestObject("Page_Echoppe/input_Email address_email"), "usertest@test.com"): Text 'usertest@test.com' is set on object 'Object Repository/Page_Echoppe/input_Email address_email'

2019-04-25 10:17:20 - [MESSAGE][PASSED] - Text 'usertest@test.com' is set on object 'Object Repository/Page_Echoppe/input_Email address_email'

2019-04-25 10:17:20 - [TEST_STEP][PASSED] - setEncryptedText(findTestObject("Page_Echoppe/input_Password_password"), "8SQVv/p9jVScEs4/2CZsLw=="): Text ****** has been set on object 'Object Repository/Page_Echoppe/input_Password_password'

2019-04-25 10:17:23 - [MESSAGE][PASSED] - Text ****** has been set on object 'Object Repository/Page_Echoppe/input_Password_password'

2019-04-25 10:17:23 - [TEST_STEP][PASSED] - setEncryptedText(findTestObject("Page_Echoppe/input_Confirm your password_inputPasswordConfirmation"), "8SQVv/p9jVScEs4/2CZsLw=="): Text ****** has been set on object 'Object Repository/Page_Echoppe/input_Confirm your password_inputPasswordConfirmation'

2019-04-25 10:17:26 - [MESSAGE][PASSED] - Text ****** has been set on object 'Object Repository/Page_Echoppe/input_Confirm your password_inputPasswordConfirmation'

2019-04-25 10:17:26 - [TEST_STEP][PASSED] - click(findTestObject("Page_Echoppe/button_Submit")): Object: 'Object Repository/Page_Echoppe/button_Submit' is clicked on

2019-04-25 10:17:29 - [MESSAGE][PASSED] - Object: 'Object Repository/Page_Echoppe/button_Submit' is clicked on]]></system-out>
         <system-err><![CDATA[]]></system-err>
      </testcase>
      <testcase name="Test Cases/Logout" classname="Test Cases/Logout" status="PASSED">
         <system-out><![CDATA[2019-04-25 10:17:29 - [TEST_CASE][PASSED] - Test Cases/Logout: Test Cases/Logout

2019-04-25 10:17:29 - [TEST_STEP][PASSED] - return null: null]]></system-out>
         <system-err><![CDATA[]]></system-err>
      </testcase>
      <testcase name="Test Cases/List Article" classname="Test Cases/List Article" status="PASSED">
         <system-out><![CDATA[2019-04-25 10:17:29 - [TEST_CASE][PASSED] - Test Cases/List Article: Test Cases/List Article

2019-04-25 10:17:30 - [TEST_STEP][PASSED] - click(findTestObject("Page_Echoppe/button_Accueil_navbar-toggler")): Object: 'Object Repository/Page_Echoppe/button_Accueil_navbar-toggler' is clicked on

2019-04-25 10:17:32 - [MESSAGE][PASSED] - Object: 'Object Repository/Page_Echoppe/button_Accueil_navbar-toggler' is clicked on

2019-04-25 10:17:32 - [TEST_STEP][PASSED] - click(findTestObject("Page_Echoppe/a_Liste articles")): Object: 'Object Repository/Page_Echoppe/a_Liste articles' is clicked on

2019-04-25 10:17:34 - [MESSAGE][PASSED] - Object: 'Object Repository/Page_Echoppe/a_Liste articles' is clicked on]]></system-out>
         <system-err><![CDATA[]]></system-err>
      </testcase>
      <testcase name="Test Cases/Article Detail" classname="Test Cases/Article Detail" status="PASSED">
         <system-out><![CDATA[2019-04-25 10:17:34 - [TEST_CASE][PASSED] - Test Cases/Article Detail: Test Cases/Article Detail

2019-04-25 10:17:35 - [TEST_STEP][PASSED] - click(findTestObject("Object Repository/Page_Echoppe/a_Banane")): Object: 'Object Repository/Page_Echoppe/a_Banane' is clicked on

2019-04-25 10:17:37 - [MESSAGE][PASSED] - Object: 'Object Repository/Page_Echoppe/a_Banane' is clicked on]]></system-out>
         <system-err><![CDATA[]]></system-err>
      </testcase>
      <testcase name="Test Cases/Comment Article" classname="Test Cases/Comment Article" status="PASSED">
         <system-out><![CDATA[2019-04-25 10:17:37 - [TEST_CASE][PASSED] - Test Cases/Comment Article: Test Cases/Comment Article

2019-04-25 10:17:38 - [TEST_STEP][PASSED] - scrollToPosition(999999, 999999): Browser is scrolled to position x = 999999, y = 999999

2019-04-25 10:17:39 - [MESSAGE][PASSED] - Browser is scrolled to position x = 999999, y = 999999

2019-04-25 10:17:39 - [TEST_STEP][PASSED] - setText(findTestObject("Object Repository/Page_Echoppe/textarea_Commentaire_comment"), "test"): Text 'test' is set on object 'Object Repository/Page_Echoppe/textarea_Commentaire_comment'

2019-04-25 10:17:42 - [MESSAGE][PASSED] - Text 'test' is set on object 'Object Repository/Page_Echoppe/textarea_Commentaire_comment'

2019-04-25 10:17:42 - [TEST_STEP][PASSED] - click(findTestObject("Object Repository/Page_Echoppe/button_Noter et commenter")): Object: 'Object Repository/Page_Echoppe/button_Noter et commenter' is clicked on

2019-04-25 10:17:44 - [MESSAGE][PASSED] - Object: 'Object Repository/Page_Echoppe/button_Noter et commenter' is clicked on]]></system-out>
         <system-err><![CDATA[]]></system-err>
      </testcase>
      <system-out><![CDATA[2019-04-25 10:16:57 - [TEST_SUITE][PASSED] - New Test Suite: Test Cases/Comment Article]]></system-out>
      <system-err><![CDATA[]]></system-err>
   </testsuite>
</testsuites>
